<?xml version="1.0" encoding="UTF-8"?>
<testng-results skipped="0" failed="0" ignored="0" total="1" passed="1">
  <reporter-output>
  </reporter-output>
  <suite name="Default suite" duration-ms="9291" started-at="2019-04-27T11:25:44Z" finished-at="2019-04-27T11:25:53Z">
    <groups>
    </groups>
    <test name="Default test" duration-ms="9291" started-at="2019-04-27T11:25:44Z" finished-at="2019-04-27T11:25:53Z">
      <class name="d1.Sun">
        <test-method status="PASS" signature="main()[pri:0, instance:d1.Sun@57baeedf]" name="main" duration-ms="9256" started-at="2019-04-27T11:25:44Z" finished-at="2019-04-27T11:25:53Z">
          <reporter-output>
          </reporter-output>
        </test-method> <!-- main -->
      </class> <!-- d1.Sun -->
    </test> <!-- Default test -->
  </suite> <!-- Default suite -->
</testng-results>
