<?xml version="1.0" encoding="UTF-8"?>
<testng-results skipped="0" failed="0" ignored="0" total="2" passed="2">
  <reporter-output>
  </reporter-output>
  <suite name="Default suite" duration-ms="73" started-at="2019-04-27T09:12:23Z" finished-at="2019-04-27T09:12:23Z">
    <groups>
    </groups>
    <test name="Default test" duration-ms="73" started-at="2019-04-27T09:12:23Z" finished-at="2019-04-27T09:12:23Z">
      <class name="d1.Sun">
        <test-method status="PASS" signature="main()[pri:0, instance:d1.Sun@28d25987]" name="main" duration-ms="26" started-at="2019-04-27T09:12:23Z" finished-at="2019-04-27T09:12:23Z">
          <reporter-output>
          </reporter-output>
        </test-method> <!-- main -->
        <test-method status="PASS" signature="ss()[pri:0, instance:d1.Sun@28d25987]" name="ss" duration-ms="3" started-at="2019-04-27T09:12:23Z" finished-at="2019-04-27T09:12:23Z">
          <reporter-output>
          </reporter-output>
        </test-method> <!-- ss -->
      </class> <!-- d1.Sun -->
    </test> <!-- Default test -->
  </suite> <!-- Default suite -->
</testng-results>
